2020-02-28 17:02:59,280 desired_caps.py[line:22] INFO start app...
2020-02-28 17:05:51,592 desired_caps.py[line:22] INFO start app...
2020-02-28 17:07:13,097 desired_caps.py[line:22] INFO start app...
2020-02-28 17:13:41,927 desired_caps.py[line:22] INFO start app...
2020-02-28 17:20:47,811 desired_caps.py[line:22] INFO start app...
2020-02-28 17:21:46,355 desired_caps.py[line:22] INFO start app...
2020-02-28 17:36:37,960 desired_caps.py[line:22] INFO start app...
2020-02-28 17:37:38,894 desired_caps.py[line:22] INFO start app...
2020-02-28 17:37:54,681 baseView.py[line:12] INFO ==========get size==========
2020-02-28 18:04:48,643 desired_caps.py[line:22] INFO start app...
2020-02-28 21:06:04,241 desired_caps.py[line:22] INFO start app...
2020-02-28 21:07:56,750 desired_caps.py[line:22] INFO start app...
2020-02-28 21:09:53,161 desired_caps.py[line:22] INFO start app...
2020-02-28 21:11:14,395 desired_caps.py[line:22] INFO start app...
2020-02-28 21:11:32,848 baseView.py[line:13] INFO ==========get size==========
2020-02-28 21:15:13,218 desired_caps.py[line:22] INFO start app...
2020-02-28 21:15:28,162 baseView.py[line:13] INFO ==========get size==========
2020-02-28 21:18:01,290 desired_caps.py[line:22] INFO start app...
2020-02-28 21:19:49,478 desired_caps.py[line:22] INFO start app...
2020-02-28 21:41:42,981 desired_caps.py[line:22] INFO start app...
2020-02-28 21:41:55,588 baseView.py[line:12] INFO ==========get size==========
2020-02-28 21:44:04,803 desired_caps.py[line:22] INFO start app...
2020-02-28 21:44:22,320 baseView.py[line:12] INFO ==========get size==========
2020-02-28 21:44:23,821 baseView.py[line:12] INFO ==========get size==========
2020-02-28 21:45:12,283 desired_caps.py[line:22] INFO start app...
2020-02-28 21:45:38,322 baseView.py[line:12] INFO ==========get size==========
2020-02-28 21:45:38,939 baseView.py[line:12] INFO ==========get size==========
2020-02-28 21:48:07,900 desired_caps.py[line:22] INFO start app...
2020-02-28 21:48:25,945 baseView.py[line:12] INFO ==========get size==========
2020-02-28 21:49:08,777 desired_caps.py[line:22] INFO start app...
2020-02-28 21:49:31,592 baseView.py[line:12] INFO ==========get size==========
2020-02-28 21:49:32,285 baseView.py[line:12] INFO ==========get size==========
2020-02-28 21:50:22,722 desired_caps.py[line:22] INFO start app...
2020-02-28 21:50:54,035 baseView.py[line:12] INFO ==========get size==========
2020-02-28 21:50:54,759 baseView.py[line:12] INFO ==========get size==========
2020-02-28 21:53:06,491 desired_caps.py[line:22] INFO start app...
2020-02-28 21:53:24,006 baseView.py[line:12] INFO ==========get size==========
2020-02-28 21:53:24,706 baseView.py[line:12] INFO ==========get size==========
2020-02-28 22:10:15,798 desired_caps.py[line:22] INFO start app...
2020-02-28 22:11:11,881 desired_caps.py[line:22] INFO start app...
2020-02-28 22:11:32,725 common_fun.py[line:12] INFO ========swipe lr========
2020-02-28 22:11:32,726 baseView.py[line:12] INFO ==========get size==========
2020-02-28 22:11:35,690 loginView.py[line:13] INFO ==========login==========
2020-02-28 22:11:35,690 loginView.py[line:14] INFO input username:80403765
2020-02-28 22:13:34,314 desired_caps.py[line:22] INFO start app...
2020-02-28 22:13:57,712 common_fun.py[line:12] INFO ========swipe lr========
2020-02-28 22:13:57,712 baseView.py[line:12] INFO ==========get size==========
2020-02-28 22:13:58,351 loginView.py[line:14] INFO ==========login==========
2020-02-28 22:13:58,352 loginView.py[line:15] INFO input username:80403765
2020-02-28 22:26:28,126 desired_caps.py[line:22] INFO start app...
2020-02-28 22:26:57,599 common_fun.py[line:12] INFO ========swipe lr========
2020-02-28 22:26:57,599 baseView.py[line:12] INFO ==========get size==========
2020-02-28 22:27:01,687 loginView.py[line:18] INFO ==========login==========
2020-02-28 22:27:01,687 loginView.py[line:19] INFO input username:80403765
2020-02-28 22:27:08,373 loginView.py[line:22] INFO input password:zaijian11
2020-02-28 22:27:15,266 loginView.py[line:25] INFO click loginBtn
2020-02-28 22:27:16,589 loginView.py[line:27] INFO login finished
2020-03-02 16:32:53,755 myunit.py[line:10] INFO ========setUp========
2020-03-02 16:32:53,780 desired_caps.py[line:22] INFO start app...
2020-03-02 16:33:28,497 test_login.py[line:10] INFO ========test_login_1
2020-03-02 16:33:28,498 myunit.py[line:14] INFO ========tearDown========
2020-03-02 16:35:42,618 desired_caps.py[line:22] INFO start app...
2020-03-02 16:36:00,111 common_fun.py[line:12] INFO ========swipe lr========
2020-03-02 16:36:00,112 baseView.py[line:12] INFO ==========get size==========
2020-03-02 16:37:55,022 desired_caps.py[line:22] INFO start app...
2020-03-02 16:38:17,439 common_fun.py[line:12] INFO ========swipe lr========
2020-03-02 16:38:17,439 baseView.py[line:12] INFO ==========get size==========
2020-03-02 16:38:22,164 loginView.py[line:18] INFO ==========login==========
2020-03-02 16:38:22,164 loginView.py[line:19] INFO input username:80403765
2020-03-02 16:38:28,854 loginView.py[line:22] INFO input password:zaijian11
2020-03-02 16:38:34,884 loginView.py[line:25] INFO click loginBtn
2020-03-02 16:38:35,701 loginView.py[line:27] INFO login finished
2020-03-02 16:40:35,873 myunit.py[line:10] INFO ========setUp========
2020-03-02 16:40:35,876 desired_caps.py[line:22] INFO start app...
2020-03-02 16:40:48,068 test_login.py[line:10] INFO ========test_login_1
2020-03-02 16:40:48,069 myunit.py[line:14] INFO ========tearDown========
2020-03-02 16:56:38,710 desired_caps.py[line:22] INFO start app...
2020-03-02 16:56:51,112 myunit.py[line:10] INFO ========setUp========
2020-03-02 16:56:51,314 desired_caps.py[line:22] INFO start app...
2020-03-02 16:57:10,508 desired_caps.py[line:22] INFO start app...
2020-03-02 16:57:28,658 test_login.py[line:12] INFO ========test_login_1========
2020-03-02 16:57:28,658 common_fun.py[line:13] INFO ========swipe lr========
2020-03-02 16:57:28,658 baseView.py[line:12] INFO ==========get size==========
2020-03-02 16:57:41,644 myunit.py[line:14] INFO ========tearDown========
2020-03-02 16:58:13,183 desired_caps.py[line:22] INFO start app...
2020-03-02 16:58:28,416 myunit.py[line:10] INFO ========setUp========
2020-03-02 16:58:28,429 desired_caps.py[line:22] INFO start app...
2020-03-02 16:58:47,046 desired_caps.py[line:22] INFO start app...
2020-03-02 16:59:05,021 test_login.py[line:12] INFO ========test_login_1========
2020-03-02 16:59:05,022 common_fun.py[line:13] INFO ========swipe lr========
2020-03-02 16:59:05,022 baseView.py[line:12] INFO ==========get size==========
2020-03-02 16:59:17,256 myunit.py[line:14] INFO ========tearDown========
2020-03-02 17:00:05,535 desired_caps.py[line:22] INFO start app...
2020-03-02 17:02:34,641 desired_caps.py[line:22] INFO start app...
2020-03-02 17:02:46,943 desired_caps.py[line:22] INFO start app...
2020-03-02 17:03:10,420 common_fun.py[line:13] INFO ========swipe lr========
2020-03-02 17:03:10,420 baseView.py[line:12] INFO ==========get size==========
2020-03-02 17:03:14,317 loginView.py[line:18] INFO ==========login==========
2020-03-02 17:03:14,317 loginView.py[line:19] INFO input username:80403765
2020-03-02 17:03:19,671 loginView.py[line:22] INFO input password:zaijian11
2020-03-02 17:03:25,638 loginView.py[line:25] INFO click loginBtn
2020-03-02 17:03:26,572 loginView.py[line:27] INFO login finished
2020-03-02 17:16:31,172 desired_caps.py[line:22] INFO start app...
2020-03-02 17:16:43,336 myunit.py[line:10] INFO ========setUp========
2020-03-02 17:16:43,349 desired_caps.py[line:22] INFO start app...
2020-03-02 17:17:01,900 test_login.py[line:11] INFO ========test_login_1========
2020-03-02 17:17:01,901 common_fun.py[line:13] INFO ========swipe lr========
2020-03-02 17:17:01,901 baseView.py[line:12] INFO ==========get size==========
2020-03-02 17:17:01,901 myunit.py[line:14] INFO ========tearDown========
2020-03-02 17:24:17,955 desired_caps.py[line:22] INFO start app...
2020-03-02 17:24:29,987 myunit.py[line:10] INFO ========setUp========
2020-03-02 17:24:30,001 desired_caps.py[line:22] INFO start app...
2020-03-02 17:24:48,320 test_login.py[line:11] INFO ========test_login_1========
2020-03-02 17:24:48,320 common_fun.py[line:13] INFO ========swipe lr========
2020-03-02 17:24:48,320 baseView.py[line:12] INFO ==========get size==========
2020-03-02 17:24:48,320 myunit.py[line:14] INFO ========tearDown========
2020-03-02 17:31:22,944 desired_caps.py[line:22] INFO start app...
2020-03-02 17:31:35,369 myunit.py[line:10] INFO ========setUp========
2020-03-02 17:31:35,372 desired_caps.py[line:22] INFO start app...
2020-03-02 17:31:53,833 test_login.py[line:11] INFO ========test_login_1========
2020-03-02 17:31:53,833 myunit.py[line:14] INFO ========tearDown========
2020-03-02 17:56:46,707 desired_caps.py[line:22] INFO start app...
2020-03-02 17:56:59,248 myunit.py[line:10] INFO ========setUp========
2020-03-02 17:56:59,252 desired_caps.py[line:22] INFO start app...
2020-03-02 17:57:17,465 test_login.py[line:11] INFO ========test_login_1========
2020-03-02 17:57:17,466 common_fun.py[line:13] INFO ========swipe lr========
2020-03-02 17:57:17,466 baseView.py[line:12] INFO ==========get size==========
2020-03-02 17:57:30,498 myunit.py[line:14] INFO ========tearDown========
2020-03-02 18:05:52,515 desired_caps.py[line:22] INFO start app...
2020-03-02 18:06:05,243 myunit.py[line:10] INFO ========setUp========
2020-03-02 18:06:05,246 desired_caps.py[line:22] INFO start app...
2020-03-02 18:06:22,949 test_login.py[line:11] INFO ========test_login_1========
2020-03-02 18:06:22,952 desired_caps.py[line:22] INFO start app...
2020-03-02 18:06:44,852 myunit.py[line:14] INFO ========tearDown========
2020-03-02 18:13:27,982 desired_caps.py[line:22] INFO start app...
2020-03-02 18:13:40,758 myunit.py[line:10] INFO ========setUp========
2020-03-02 18:13:40,761 desired_caps.py[line:22] INFO start app...
2020-03-02 18:13:58,818 test_login.py[line:11] INFO ========test_login_1========
2020-03-02 18:13:58,822 desired_caps.py[line:22] INFO start app...
2020-03-02 18:14:17,196 common_fun.py[line:13] INFO ========swipe lr========
2020-03-02 18:14:17,196 baseView.py[line:12] INFO ==========get size==========
2020-03-02 18:14:29,573 myunit.py[line:14] INFO ========tearDown========
2020-03-02 18:18:52,057 desired_caps.py[line:22] INFO start app...
2020-03-02 18:19:09,392 myunit.py[line:12] INFO ========setUp========
2020-03-02 18:19:09,395 desired_caps.py[line:22] INFO start app...
2020-03-02 18:19:27,220 test_login.py[line:11] INFO ========test_login_1========
2020-03-02 18:19:27,224 desired_caps.py[line:22] INFO start app...
2020-03-02 18:19:46,206 common_fun.py[line:13] INFO ========swipe lr========
2020-03-02 18:19:46,206 baseView.py[line:12] INFO ==========get size==========
2020-03-02 18:19:59,100 myunit.py[line:16] INFO ========tearDown========
2020-03-02 18:20:57,032 desired_caps.py[line:22] INFO start app...
2020-03-02 18:21:13,860 myunit.py[line:12] INFO ========setUp========
2020-03-02 18:21:13,864 desired_caps.py[line:22] INFO start app...
2020-03-02 18:21:31,655 test_login.py[line:12] INFO ========test_login_1========
2020-03-02 18:21:31,658 desired_caps.py[line:22] INFO start app...
2020-03-02 18:21:54,528 common_fun.py[line:13] INFO ========swipe lr========
2020-03-02 18:21:54,528 baseView.py[line:12] INFO ==========get size==========
2020-03-02 18:21:58,684 loginView.py[line:18] INFO ==========login==========
2020-03-02 18:21:58,684 loginView.py[line:19] INFO input username:80403765
2020-03-02 18:22:05,050 loginView.py[line:22] INFO input password:zaijian11
2020-03-02 18:22:11,167 loginView.py[line:25] INFO click loginBtn
2020-03-02 18:22:12,033 loginView.py[line:27] INFO login finished
2020-03-02 18:22:12,033 myunit.py[line:16] INFO ========tearDown========
2020-03-04 16:46:44,225 myunit.py[line:12] INFO ========setUp========
2020-03-04 16:46:44,251 desired_caps.py[line:23] INFO start app...
2020-03-04 16:47:53,811 myunit.py[line:12] INFO ========setUp========
2020-03-04 16:47:53,813 desired_caps.py[line:23] INFO start app...
2020-03-04 16:48:45,053 test_login.py[line:12] INFO ========test_login_1========
2020-03-04 16:48:45,053 common_fun.py[line:13] INFO ========swipe lr========
2020-03-04 16:48:45,054 baseView.py[line:12] INFO ==========get size==========
2020-03-04 16:48:45,780 myunit.py[line:17] INFO ========tearDown========
2020-03-04 17:18:04,919 myunit.py[line:12] INFO ========setUp========
2020-03-04 17:18:04,922 desired_caps.py[line:23] INFO start app...
2020-03-04 17:18:23,245 test_login.py[line:12] INFO ========test_login_1========
2020-03-04 17:18:23,245 common_fun.py[line:13] INFO ========swipe lr========
2020-03-04 17:18:23,245 baseView.py[line:12] INFO ==========get size==========
2020-03-04 17:18:23,245 myunit.py[line:17] INFO ========tearDown========
2020-03-04 17:20:02,408 myunit.py[line:12] INFO ========setUp========
2020-03-04 17:20:02,411 desired_caps.py[line:23] INFO start app...
2020-03-04 17:20:20,515 test_login.py[line:13] INFO ========test_login_1========
2020-03-04 17:20:20,515 common_fun.py[line:13] INFO ========swipe lr========
2020-03-04 17:20:20,515 baseView.py[line:12] INFO ==========get size==========
2020-03-04 17:20:20,516 myunit.py[line:17] INFO ========tearDown========
2020-03-04 17:27:09,152 desired_caps.py[line:23] INFO start app...
2020-03-04 17:27:27,461 common_fun.py[line:13] INFO ========swipe lr========
2020-03-04 17:27:27,461 baseView.py[line:12] INFO ==========get size==========
2020-03-04 17:27:28,180 common_fun.py[line:21] INFO ========swipe ud========
2020-03-04 17:27:28,180 baseView.py[line:12] INFO ==========get size==========
2020-03-04 17:28:47,683 myunit.py[line:12] INFO ========setUp========
2020-03-04 17:28:47,685 desired_caps.py[line:23] INFO start app...
2020-03-04 17:29:05,955 test_login.py[line:13] INFO ========test_login_1========
2020-03-04 17:29:05,955 common_fun.py[line:13] INFO ========swipe lr========
2020-03-04 17:29:05,955 baseView.py[line:12] INFO ==========get size==========
2020-03-04 17:29:05,955 myunit.py[line:17] INFO ========tearDown========
2020-03-04 17:41:53,443 myunit.py[line:12] INFO ========setUp========
2020-03-04 17:41:53,447 desired_caps.py[line:23] INFO start app...
2020-03-04 17:42:13,750 test_login.py[line:13] INFO ========test_login_1========
2020-03-04 17:42:13,750 common_fun.py[line:13] INFO ========swipe lr========
2020-03-04 17:42:13,750 baseView.py[line:12] INFO ==========get size==========
2020-03-04 17:42:13,750 myunit.py[line:17] INFO ========tearDown========
2020-03-04 17:43:41,631 myunit.py[line:12] INFO ========setUp========
2020-03-04 17:43:41,633 desired_caps.py[line:23] INFO start app...
2020-03-04 17:43:59,692 test_login.py[line:13] INFO ========test_login_1========
2020-03-04 17:43:59,695 desired_caps.py[line:23] INFO start app...
2020-03-04 17:44:16,675 common_fun.py[line:13] INFO ========swipe lr========
2020-03-04 17:44:16,675 baseView.py[line:12] INFO ==========get size==========
2020-03-04 17:44:17,302 myunit.py[line:17] INFO ========tearDown========
2020-03-04 17:45:17,739 myunit.py[line:12] INFO ========setUp========
2020-03-04 17:45:17,742 desired_caps.py[line:23] INFO start app...
2020-03-04 17:45:37,947 test_login.py[line:13] INFO ========test_login_1========
2020-03-04 17:45:37,951 desired_caps.py[line:23] INFO start app...
2020-03-04 17:45:54,992 common_fun.py[line:13] INFO ========swipe lr========
2020-03-04 17:45:54,992 baseView.py[line:12] INFO ==========get size==========
2020-03-04 17:45:57,650 myunit.py[line:17] INFO ========tearDown========
2020-03-04 17:47:40,557 myunit.py[line:12] INFO ========setUp========
2020-03-04 17:47:40,559 desired_caps.py[line:23] INFO start app...
2020-03-04 17:47:58,367 test_login.py[line:13] INFO ========test_login_1========
2020-03-04 17:47:58,369 desired_caps.py[line:23] INFO start app...
2020-03-04 17:48:20,885 common_fun.py[line:13] INFO ========swipe lr========
2020-03-04 17:48:20,885 baseView.py[line:12] INFO ==========get size==========
2020-03-04 17:48:21,513 myunit.py[line:17] INFO ========tearDown========
2020-03-04 17:53:06,189 myunit.py[line:12] INFO ========setUp========
2020-03-04 17:53:06,191 desired_caps.py[line:23] INFO start app...
2020-03-04 17:53:30,697 test_login.py[line:13] INFO ========test_login_1========
2020-03-04 17:53:30,698 desired_caps.py[line:23] INFO start app...
2020-03-04 17:53:57,057 common_fun.py[line:13] INFO ========swipe lr========
2020-03-04 17:53:57,057 baseView.py[line:12] INFO ==========get size==========
2020-03-04 17:54:01,621 loginView.py[line:18] INFO ==========login==========
2020-03-04 17:54:01,621 loginView.py[line:19] INFO input username:80403765
2020-03-04 17:54:07,603 loginView.py[line:22] INFO input password:zaijian11
2020-03-04 17:54:13,569 loginView.py[line:25] INFO click loginBtn
2020-03-04 17:54:14,474 loginView.py[line:27] INFO login finished
2020-03-04 17:54:14,475 myunit.py[line:17] INFO ========tearDown========
